0 verbose cli /usr/local/bin/node /usr/local/bin/npm
1 info using npm@11.6.0
2 info using node@v22.13.1
3 silly config load:file:/usr/local/lib/node_modules/npm/npmrc
4 silly config load:file:/Users/thiagocortat/trae/myglory/.npmrc
5 silly config load:file:/Users/thiagocortat/.npmrc
6 silly config load:file:/usr/local/etc/npmrc
7 verbose title npm install
8 verbose argv "install" "--cache" "./npm-cache" "--prefer-offline" "--no-audit"
9 verbose logfile logs-max:10 dir:/Users/thiagocortat/trae/myglory/npm-cache/_logs/2026-01-09T13_56_01_375Z-
10 verbose logfile /Users/thiagocortat/trae/myglory/npm-cache/_logs/2026-01-09T13_56_01_375Z-debug-0.log
11 silly logfile done cleaning log files
12 silly packumentCache heap:4345298944 maxSize:1086324736 maxEntrySize:543162368
13 silly idealTree buildDeps
14 silly fetch manifest @react-native-async-storage/async-storage@1.21.0
15 silly packumentCache full:https://registry.npmjs.org/@react-native-async-storage%2fasync-storage cache-miss
16 http fetch GET 200 https://registry.npmjs.org/@react-native-async-storage%2fasync-storage 21ms (cache stale)
17 silly packumentCache full:https://registry.npmjs.org/@react-native-async-storage%2fasync-storage set size:400637 disposed:false
18 silly fetch manifest react-native@0.73.6
19 silly packumentCache full:https://registry.npmjs.org/react-native cache-miss
20 http fetch GET 200 https://registry.npmjs.org/react-native 155ms (cache stale)
21 silly packumentCache full:https://registry.npmjs.org/react-native set size:14630637 disposed:false
22 silly fetch manifest react@18.2.0
23 silly packumentCache full:https://registry.npmjs.org/react cache-miss
24 http fetch GET 200 https://registry.npmjs.org/react 11ms (cache stale)
25 silly packumentCache full:https://registry.npmjs.org/react set size:6366570 disposed:false
26 silly placeDep ROOT @react-native-async-storage/async-storage@1.21.0 REPLACE for: corpo-app@1.0.0 want: 1.21.0
27 warn EBADENGINE Unsupported engine {
27 warn EBADENGINE   package: 'corpo-app@1.0.0',
27 warn EBADENGINE   required: { node: '>=18 <=20' },
27 warn EBADENGINE   current: { node: 'v22.13.1', npm: '11.6.0' }
27 warn EBADENGINE }
28 silly reify mark retired [
28 silly reify   '/Users/thiagocortat/trae/myglory/node_modules/@react-native-async-storage/async-storage'
28 silly reify ]
29 silly reify mark retired [ '/Users/thiagocortat/trae/myglory/node_modules/@types/react-native' ]
30 silly reify moves {
30 silly reify   '/Users/thiagocortat/trae/myglory/node_modules/@react-native-async-storage/async-storage': '/Users/thiagocortat/trae/myglory/node_modules/@react-native-async-storage/.async-storage-sYCJN7XS',
30 silly reify   '/Users/thiagocortat/trae/myglory/node_modules/@types/react-native': '/Users/thiagocortat/trae/myglory/node_modules/@types/.react-native-i2YdDrDO'
30 silly reify }
31 http cache @react-native-async-storage/async-storage@https://registry.npmjs.org/@react-native-async-storage/async-storage/-/async-storage-1.21.0.tgz 0ms (cache hit)
32 silly tarball no local data for @react-native-async-storage/async-storage@https://registry.npmjs.org/@react-native-async-storage/async-storage/-/async-storage-1.21.0.tgz. Extracting by manifest.
33 http fetch GET 200 https://registry.npmjs.org/@react-native-async-storage/async-storage/-/async-storage-1.21.0.tgz 661ms (cache miss)
34 silly REMOVE node_modules/@types/react-native
35 silly CHANGE node_modules/@react-native-async-storage/async-storage
36 verbose cwd /Users/thiagocortat/trae/myglory
37 verbose os Darwin 25.1.0
38 verbose node v22.13.1
39 verbose npm  v11.6.0
40 verbose exit 0
41 info ok
