0 verbose cli /usr/local/bin/node /usr/local/bin/npm
1 info using npm@11.6.0
2 info using node@v22.13.1
3 silly config load:file:/usr/local/lib/node_modules/npm/npmrc
4 silly config load:file:/Users/thiagocortat/trae/myglory/.npmrc
5 silly config load:file:/Users/thiagocortat/.npmrc
6 silly config load:file:/usr/local/etc/npmrc
7 verbose title npm install @react-native-community/cli
8 verbose argv "install" "--save-dev" "@react-native-community/cli" "--cache" "./npm-cache" "--prefer-offline" "--no-audit"
9 verbose logfile logs-max:10 dir:/Users/thiagocortat/trae/myglory/npm-cache/_logs/2026-01-09T14_23_14_969Z-
10 verbose logfile /Users/thiagocortat/trae/myglory/npm-cache/_logs/2026-01-09T14_23_14_969Z-debug-0.log
11 silly logfile done cleaning log files
12 silly packumentCache heap:4345298944 maxSize:1086324736 maxEntrySize:543162368
13 silly idealTree buildDeps
14 silly fetch manifest @react-native-community/cli@^20.1.0
15 silly packumentCache full:https://registry.npmjs.org/@react-native-community%2fcli cache-miss
16 http fetch GET 200 https://registry.npmjs.org/@react-native-community%2fcli 18ms (cache stale)
17 silly packumentCache full:https://registry.npmjs.org/@react-native-community%2fcli set size:1026013 disposed:false
18 silly placeDep ROOT @react-native-community/cli@20.1.0 REPLACE for: corpo-app@1.0.0 want: ^20.1.0
19 silly fetch manifest @react-native-async-storage/async-storage@^1.18.1
20 silly packumentCache full:https://registry.npmjs.org/@react-native-async-storage%2fasync-storage cache-miss
21 http fetch GET 200 https://registry.npmjs.org/@react-native-async-storage%2fasync-storage 86ms (cache stale)
22 silly packumentCache full:https://registry.npmjs.org/@react-native-async-storage%2fasync-storage set size:400637 disposed:false
23 silly fetch manifest react-native@^0.0.0-0 || >=0.60 <1.0
24 silly packumentCache full:https://registry.npmjs.org/react-native cache-miss
25 http fetch GET 200 https://registry.npmjs.org/react-native 16ms (cache stale)
26 silly packumentCache full:https://registry.npmjs.org/react-native set size:14630637 disposed:false
27 silly fetch manifest @types/react@^19.1.1
28 silly packumentCache full:https://registry.npmjs.org/@types%2freact cache-miss
29 http fetch GET 200 https://registry.npmjs.org/@types%2freact 7ms (cache stale)
30 silly packumentCache full:https://registry.npmjs.org/@types%2freact set size:2541992 disposed:false
31 silly fetch manifest react@^19.2.0
32 silly packumentCache full:https://registry.npmjs.org/react cache-miss
33 http fetch GET 200 https://registry.npmjs.org/react 8ms (cache stale)
34 silly packumentCache full:https://registry.npmjs.org/react set size:6366570 disposed:false
35 silly placeDep node_modules/@firebase/auth-compat @react-native-async-storage/async-storage@1.24.0 OK for: @firebase/auth@1.7.9 want: ^1.18.1
36 silly placeDep node_modules/firebase @react-native-async-storage/async-storage@1.24.0 OK for: @firebase/auth@1.7.9 want: ^1.18.1
37 silly reify moves {}
38 verbose cwd /Users/thiagocortat/trae/myglory
39 verbose os Darwin 25.1.0
40 verbose node v22.13.1
41 verbose npm  v11.6.0
42 verbose exit 0
43 info ok
