0 verbose cli /usr/local/bin/node /usr/local/bin/npm
1 info using npm@11.6.0
2 info using node@v22.13.1
3 silly config load:file:/usr/local/lib/node_modules/npm/npmrc
4 silly config load:file:/Users/thiagocortat/trae/myglory/.npmrc
5 silly config load:file:/Users/thiagocortat/.npmrc
6 silly config load:file:/usr/local/etc/npmrc
7 verbose title npm install @react-native-community/cli
8 verbose argv "install" "--save-dev" "@react-native-community/cli" "--cache" "./npm-cache" "--prefer-offline" "--no-audit"
9 verbose logfile logs-max:10 dir:/Users/thiagocortat/trae/myglory/npm-cache/_logs/2026-01-09T14_22_08_032Z-
10 verbose logfile /Users/thiagocortat/trae/myglory/npm-cache/_logs/2026-01-09T14_22_08_032Z-debug-0.log
11 silly logfile done cleaning log files
12 silly packumentCache heap:4345298944 maxSize:1086324736 maxEntrySize:543162368
13 silly idealTree buildDeps
14 silly fetch manifest @react-native-community/cli@*
15 silly packumentCache full:https://registry.npmjs.org/@react-native-community%2fcli cache-miss
16 http fetch GET 200 https://registry.npmjs.org/@react-native-community%2fcli 70ms (cache stale)
17 silly packumentCache full:https://registry.npmjs.org/@react-native-community%2fcli set size:1026013 disposed:false
18 silly placeDep ROOT @react-native-community/cli@20.1.0 OK for: corpo-app@1.0.0 want: *
19 silly fetch manifest @react-native-community/cli-clean@20.1.0
20 silly packumentCache full:https://registry.npmjs.org/@react-native-community%2fcli-clean cache-miss
21 silly fetch manifest @react-native-community/cli-config@20.1.0
22 silly packumentCache full:https://registry.npmjs.org/@react-native-community%2fcli-config cache-miss
23 silly fetch manifest @react-native-community/cli-doctor@20.1.0
24 silly packumentCache full:https://registry.npmjs.org/@react-native-community%2fcli-doctor cache-miss
25 silly fetch manifest @react-native-community/cli-server-api@20.1.0
26 silly packumentCache full:https://registry.npmjs.org/@react-native-community%2fcli-server-api cache-miss
27 silly fetch manifest @react-native-community/cli-tools@20.1.0
28 silly packumentCache full:https://registry.npmjs.org/@react-native-community%2fcli-tools cache-miss
29 silly fetch manifest @react-native-community/cli-types@20.1.0
30 silly packumentCache full:https://registry.npmjs.org/@react-native-community%2fcli-types cache-miss
31 silly fetch manifest commander@^9.4.1
32 silly packumentCache full:https://registry.npmjs.org/commander cache-miss
33 silly fetch manifest find-up@^5.0.0
34 silly packumentCache full:https://registry.npmjs.org/find-up cache-miss
35 silly fetch manifest fs-extra@^8.1.0
36 silly packumentCache full:https://registry.npmjs.org/fs-extra cache-miss
37 http fetch GET 200 https://registry.npmjs.org/@react-native-community%2fcli-clean 7ms (cache stale)
38 silly packumentCache full:https://registry.npmjs.org/@react-native-community%2fcli-clean set size:499445 disposed:false
39 silly fetch manifest semver@^7.5.2
40 silly packumentCache full:https://registry.npmjs.org/semver cache-miss
41 http fetch GET 200 https://registry.npmjs.org/@react-native-community%2fcli-config 10ms (cache stale)
42 silly packumentCache full:https://registry.npmjs.org/@react-native-community%2fcli-config set size:553356 disposed:false
43 http fetch GET 200 https://registry.npmjs.org/find-up 10ms (cache stale)
44 silly packumentCache full:https://registry.npmjs.org/find-up set size:42620 disposed:false
45 http fetch GET 200 https://registry.npmjs.org/@react-native-community%2fcli-tools 14ms (cache stale)
46 silly packumentCache full:https://registry.npmjs.org/@react-native-community%2fcli-tools set size:712304 disposed:false
47 http fetch GET 200 https://registry.npmjs.org/@react-native-community%2fcli-server-api 16ms (cache stale)
48 silly packumentCache full:https://registry.npmjs.org/@react-native-community%2fcli-server-api set size:616841 disposed:false
49 http fetch GET 200 https://registry.npmjs.org/@react-native-community%2fcli-doctor 18ms (cache stale)
50 silly packumentCache full:https://registry.npmjs.org/@react-native-community%2fcli-doctor set size:681278 disposed:false
51 http fetch GET 200 https://registry.npmjs.org/commander 19ms (cache stale)
52 silly packumentCache full:https://registry.npmjs.org/commander set size:345426 disposed:false
53 http fetch GET 200 https://registry.npmjs.org/@react-native-community%2fcli-types 21ms (cache stale)
54 silly packumentCache full:https://registry.npmjs.org/@react-native-community%2fcli-types set size:516368 disposed:false
55 http fetch GET 200 https://registry.npmjs.org/fs-extra 22ms (cache stale)
56 silly packumentCache full:https://registry.npmjs.org/fs-extra set size:230266 disposed:false
57 http fetch GET 200 https://registry.npmjs.org/semver 19ms (cache stale)
58 silly packumentCache full:https://registry.npmjs.org/semver set size:226907 disposed:false
59 silly placeDep ROOT @react-native-community/cli-clean@20.1.0 OK for: @react-native-community/cli@20.1.0 want: 20.1.0
60 silly placeDep ROOT @react-native-community/cli-config@20.1.0 OK for: @react-native-community/cli@20.1.0 want: 20.1.0
61 silly placeDep ROOT @react-native-community/cli-doctor@20.1.0 OK for: @react-native-community/cli@20.1.0 want: 20.1.0
62 silly placeDep ROOT @react-native-community/cli-server-api@20.1.0 OK for: @react-native-community/cli@20.1.0 want: 20.1.0
63 silly placeDep ROOT @react-native-community/cli-tools@20.1.0 OK for: @react-native-community/cli@20.1.0 want: 20.1.0
64 silly placeDep ROOT @react-native-community/cli-types@20.1.0 OK for: @react-native-community/cli@20.1.0 want: 20.1.0
65 silly placeDep node_modules/@react-native-community/cli commander@9.5.0 OK for: @react-native-community/cli@20.1.0 want: ^9.4.1
66 silly placeDep node_modules/@react-native-community/cli find-up@5.0.0 OK for: @react-native-community/cli@20.1.0 want: ^5.0.0
67 silly placeDep ROOT fs-extra@8.1.0 OK for: @react-native-community/cli@20.1.0 want: ^8.1.0
68 silly placeDep node_modules/@react-native-community/cli semver@7.7.3 OK for: @react-native-community/cli@20.1.0 want: ^7.5.2
69 silly fetch manifest fast-glob@^3.3.2
70 silly packumentCache full:https://registry.npmjs.org/fast-glob cache-miss
71 silly fetch manifest cosmiconfig@^9.0.0
72 silly packumentCache full:https://registry.npmjs.org/cosmiconfig cache-miss
73 silly fetch manifest fast-glob@^3.3.2
74 silly packumentCache full:https://registry.npmjs.org/fast-glob cache-miss
75 silly fetch manifest joi@^17.2.1
76 silly packumentCache full:https://registry.npmjs.org/joi cache-miss
77 silly fetch manifest @react-native-community/cli-platform-android@20.1.0
78 silly packumentCache full:https://registry.npmjs.org/@react-native-community%2fcli-platform-android cache-miss
79 silly fetch manifest @react-native-community/cli-platform-apple@20.1.0
80 silly packumentCache full:https://registry.npmjs.org/@react-native-community%2fcli-platform-apple cache-miss
81 silly fetch manifest @react-native-community/cli-platform-ios@20.1.0
82 silly packumentCache full:https://registry.npmjs.org/@react-native-community%2fcli-platform-ios cache-miss
83 silly fetch manifest command-exists@^1.2.8
84 silly packumentCache full:https://registry.npmjs.org/command-exists cache-miss
85 silly fetch manifest envinfo@^7.13.0
86 silly packumentCache full:https://registry.npmjs.org/envinfo cache-miss
87 http fetch GET 200 https://registry.npmjs.org/fast-glob 22ms (cache stale)
88 silly packumentCache full:https://registry.npmjs.org/fast-glob set size:220556 disposed:false
89 silly fetch manifest node-stream-zip@^1.9.1
90 silly packumentCache full:https://registry.npmjs.org/node-stream-zip cache-miss
91 http fetch GET 200 https://registry.npmjs.org/fast-glob 24ms (cache stale)
92 silly packumentCache full:https://registry.npmjs.org/fast-glob set size:220556 disposed:false
93 silly packumentCache full:https://registry.npmjs.org/fast-glob dispose
94 silly fetch manifest ora@^5.4.1
95 silly packumentCache full:https://registry.npmjs.org/ora cache-miss
96 http fetch GET 200 https://registry.npmjs.org/@react-native-community%2fcli-platform-ios 24ms (cache stale)
97 silly packumentCache full:https://registry.npmjs.org/@react-native-community%2fcli-platform-ios set size:883527 disposed:false
98 silly fetch manifest body-parser@^1.20.3
99 silly packumentCache full:https://registry.npmjs.org/body-parser cache-miss
100 http fetch GET 200 https://registry.npmjs.org/cosmiconfig 27ms (cache stale)
101 silly packumentCache full:https://registry.npmjs.org/cosmiconfig set size:275399 disposed:false
102 silly fetch manifest errorhandler@^1.5.1
103 silly packumentCache full:https://registry.npmjs.org/errorhandler cache-miss
104 http fetch GET 200 https://registry.npmjs.org/joi 28ms (cache stale)
105 silly packumentCache full:https://registry.npmjs.org/joi set size:507992 disposed:false
106 silly fetch manifest nocache@^3.0.1
107 silly packumentCache full:https://registry.npmjs.org/nocache cache-miss
108 http fetch GET 200 https://registry.npmjs.org/@react-native-community%2fcli-platform-android 31ms (cache stale)
109 silly packumentCache full:https://registry.npmjs.org/@react-native-community%2fcli-platform-android set size:948364 disposed:false
110 silly fetch manifest open@^6.2.0
111 silly packumentCache full:https://registry.npmjs.org/open cache-miss
112 http fetch GET 200 https://registry.npmjs.org/command-exists 36ms (cache stale)
113 silly packumentCache full:https://registry.npmjs.org/command-exists set size:31903 disposed:false
114 silly fetch manifest ws@^6.2.3
115 silly packumentCache full:https://registry.npmjs.org/ws cache-miss
116 http fetch GET 200 https://registry.npmjs.org/envinfo 37ms (cache stale)
117 silly packumentCache full:https://registry.npmjs.org/envinfo set size:285035 disposed:false
118 silly fetch manifest @vscode/sudo-prompt@^9.0.0
119 silly packumentCache full:https://registry.npmjs.org/@vscode%2fsudo-prompt cache-miss
120 http fetch GET 200 https://registry.npmjs.org/errorhandler 13ms (cache stale)
121 silly packumentCache full:https://registry.npmjs.org/errorhandler set size:55738 disposed:false
122 silly fetch manifest appdirsjs@^1.2.4
123 silly packumentCache full:https://registry.npmjs.org/appdirsjs cache-miss
124 http fetch GET 200 https://registry.npmjs.org/nocache 11ms (cache stale)
125 silly packumentCache full:https://registry.npmjs.org/nocache set size:31710 disposed:false
126 silly fetch manifest launch-editor@^2.9.1
127 silly packumentCache full:https://registry.npmjs.org/launch-editor cache-miss
128 http fetch GET 200 https://registry.npmjs.org/ora 18ms (cache stale)
129 silly packumentCache full:https://registry.npmjs.org/ora set size:134628 disposed:false
130 silly fetch manifest mime@^2.4.1
131 silly packumentCache full:https://registry.npmjs.org/mime cache-miss
132 http fetch GET 200 https://registry.npmjs.org/open 9ms (cache stale)
133 silly packumentCache full:https://registry.npmjs.org/open set size:136392 disposed:false
134 silly fetch manifest locate-path@^6.0.0
135 silly packumentCache full:https://registry.npmjs.org/locate-path cache-miss
136 http fetch GET 200 https://registry.npmjs.org/node-stream-zip 20ms (cache stale)
137 silly packumentCache full:https://registry.npmjs.org/node-stream-zip set size:112616 disposed:false
138 silly fetch manifest jsonfile@^4.0.0
139 silly packumentCache full:https://registry.npmjs.org/jsonfile cache-miss
140 http fetch GET 200 https://registry.npmjs.org/appdirsjs 5ms (cache stale)
141 silly packumentCache full:https://registry.npmjs.org/appdirsjs set size:27386 disposed:false
142 silly fetch manifest universalify@^0.1.0
143 silly packumentCache full:https://registry.npmjs.org/universalify cache-miss
144 http fetch GET 200 https://registry.npmjs.org/ws 9ms (cache stale)
145 silly packumentCache full:https://registry.npmjs.org/ws set size:413307 disposed:false
146 http fetch GET 200 https://registry.npmjs.org/mime 7ms (cache stale)
147 silly packumentCache full:https://registry.npmjs.org/mime set size:119236 disposed:false
148 http fetch GET 200 https://registry.npmjs.org/locate-path 7ms (cache stale)
149 silly packumentCache full:https://registry.npmjs.org/locate-path set size:31329 disposed:false
150 http fetch GET 200 https://registry.npmjs.org/jsonfile 8ms (cache stale)
151 silly packumentCache full:https://registry.npmjs.org/jsonfile set size:51505 disposed:false
152 http fetch GET 200 https://registry.npmjs.org/universalify 6ms (cache stale)
153 silly packumentCache full:https://registry.npmjs.org/universalify set size:19431 disposed:false
154 http fetch GET 200 https://registry.npmjs.org/body-parser 376ms (cache miss)
155 silly packumentCache full:https://registry.npmjs.org/body-parser set size:undefined disposed:false
156 http fetch GET 200 https://registry.npmjs.org/launch-editor 363ms (cache miss)
157 silly packumentCache full:https://registry.npmjs.org/launch-editor set size:undefined disposed:false
158 http fetch GET 200 https://registry.npmjs.org/@react-native-community%2fcli-platform-apple 749ms (cache miss)
159 silly packumentCache full:https://registry.npmjs.org/@react-native-community%2fcli-platform-apple set size:undefined disposed:false
160 http fetch GET 200 https://registry.npmjs.org/@vscode%2fsudo-prompt 798ms (cache miss)
161 silly packumentCache full:https://registry.npmjs.org/@vscode%2fsudo-prompt set size:undefined disposed:false
162 silly placeDep ROOT fast-glob@3.3.3 OK for: @react-native-community/cli-clean@20.1.0 want: ^3.3.2
163 silly fetch manifest @nodelib/fs.stat@^2.0.2
164 silly packumentCache full:https://registry.npmjs.org/@nodelib%2ffs.stat cache-miss
165 silly fetch manifest @nodelib/fs.walk@^1.2.3
166 silly packumentCache full:https://registry.npmjs.org/@nodelib%2ffs.walk cache-miss
167 silly fetch manifest glob-parent@^5.1.2
168 silly packumentCache full:https://registry.npmjs.org/glob-parent cache-miss
169 silly fetch manifest merge2@^1.3.0
170 silly packumentCache full:https://registry.npmjs.org/merge2 cache-miss
171 http fetch GET 200 https://registry.npmjs.org/@nodelib%2ffs.walk 2ms (cache stale)
172 silly packumentCache full:https://registry.npmjs.org/@nodelib%2ffs.walk set size:41589 disposed:false
173 http fetch GET 200 https://registry.npmjs.org/@nodelib%2ffs.stat 3ms (cache stale)
174 silly packumentCache full:https://registry.npmjs.org/@nodelib%2ffs.stat set size:36993 disposed:false
175 http fetch GET 200 https://registry.npmjs.org/merge2 3ms (cache stale)
176 silly packumentCache full:https://registry.npmjs.org/merge2 set size:46159 disposed:false
177 http fetch GET 200 https://registry.npmjs.org/glob-parent 4ms (cache stale)
178 silly packumentCache full:https://registry.npmjs.org/glob-parent set size:42445 disposed:false
179 silly fetch manifest typescript@>=4.9.5
180 silly packumentCache full:https://registry.npmjs.org/typescript cache-miss
181 http fetch GET 200 https://registry.npmjs.org/typescript 18ms (cache stale)
182 silly packumentCache full:https://registry.npmjs.org/typescript set size:15107054 disposed:false
183 silly placeDep ROOT cosmiconfig@9.0.0 OK for: @react-native-community/cli-config@20.1.0 want: ^9.0.0
184 silly placeDep ROOT joi@17.13.3 OK for: @react-native-community/cli-config@20.1.0 want: ^17.2.1
185 silly fetch manifest env-paths@^2.2.1
186 silly packumentCache full:https://registry.npmjs.org/env-paths cache-miss
187 silly fetch manifest import-fresh@^3.3.0
188 silly packumentCache full:https://registry.npmjs.org/import-fresh cache-miss
189 silly fetch manifest js-yaml@^4.1.0
190 silly packumentCache full:https://registry.npmjs.org/js-yaml cache-miss
191 silly fetch manifest @hapi/hoek@^9.3.0
192 silly packumentCache full:https://registry.npmjs.org/@hapi%2fhoek cache-miss
193 silly fetch manifest @hapi/topo@^5.1.0
194 silly packumentCache full:https://registry.npmjs.org/@hapi%2ftopo cache-miss
195 silly fetch manifest @sideway/address@^4.1.5
196 silly packumentCache full:https://registry.npmjs.org/@sideway%2faddress cache-miss
197 silly fetch manifest @sideway/formula@^3.0.1
198 silly packumentCache full:https://registry.npmjs.org/@sideway%2fformula cache-miss
199 silly fetch manifest @sideway/pinpoint@^2.0.0
200 silly packumentCache full:https://registry.npmjs.org/@sideway%2fpinpoint cache-miss
201 http fetch GET 200 https://registry.npmjs.org/@hapi%2ftopo 3ms (cache stale)
202 silly packumentCache full:https://registry.npmjs.org/@hapi%2ftopo set size:36881 disposed:false
203 http fetch GET 200 https://registry.npmjs.org/import-fresh 4ms (cache stale)
204 silly packumentCache full:https://registry.npmjs.org/import-fresh set size:21461 disposed:false
205 http fetch GET 200 https://registry.npmjs.org/@hapi%2fhoek 4ms (cache stale)
206 silly packumentCache full:https://registry.npmjs.org/@hapi%2fhoek set size:121527 disposed:false
207 http fetch GET 200 https://registry.npmjs.org/js-yaml 4ms (cache stale)
208 silly packumentCache full:https://registry.npmjs.org/js-yaml set size:152232 disposed:false
209 http fetch GET 200 https://registry.npmjs.org/@sideway%2faddress 5ms (cache stale)
210 silly packumentCache full:https://registry.npmjs.org/@sideway%2faddress set size:18241 disposed:false
211 http fetch GET 200 https://registry.npmjs.org/@sideway%2fpinpoint 5ms (cache stale)
212 silly packumentCache full:https://registry.npmjs.org/@sideway%2fpinpoint set size:3672 disposed:false
213 http fetch GET 200 https://registry.npmjs.org/@sideway%2fformula 6ms (cache stale)
214 silly packumentCache full:https://registry.npmjs.org/@sideway%2fformula set size:6366 disposed:false
215 http fetch GET 200 https://registry.npmjs.org/env-paths 276ms (cache miss)
216 silly packumentCache full:https://registry.npmjs.org/env-paths set size:undefined disposed:false
217 silly placeDep ROOT @react-native-community/cli-platform-android@20.1.0 OK for: @react-native-community/cli-doctor@20.1.0 want: 20.1.0
218 silly placeDep ROOT @react-native-community/cli-platform-apple@20.1.0 OK for: @react-native-community/cli-doctor@20.1.0 want: 20.1.0
219 silly placeDep ROOT @react-native-community/cli-platform-ios@20.1.0 OK for: @react-native-community/cli-doctor@20.1.0 want: 20.1.0
220 silly placeDep ROOT command-exists@1.2.9 OK for: @react-native-community/cli-doctor@20.1.0 want: ^1.2.8
221 silly placeDep ROOT envinfo@7.21.0 OK for: @react-native-community/cli-doctor@20.1.0 want: ^7.13.0
222 silly placeDep ROOT node-stream-zip@1.15.0 OK for: @react-native-community/cli-doctor@20.1.0 want: ^1.9.1
223 silly placeDep node_modules/@react-native-community/cli-doctor ora@5.4.1 OK for: @react-native-community/cli-doctor@20.1.0 want: ^5.4.1
224 silly placeDep node_modules/@react-native-community/cli-doctor semver@7.7.3 OK for: @react-native-community/cli-doctor@20.1.0 want: ^7.5.2
225 silly fetch manifest @react-native-community/cli-config-android@20.1.0
226 silly packumentCache full:https://registry.npmjs.org/@react-native-community%2fcli-config-android cache-miss
227 silly fetch manifest logkitty@^0.7.1
228 silly packumentCache full:https://registry.npmjs.org/logkitty cache-miss
229 silly fetch manifest @react-native-community/cli-config-apple@20.1.0
230 silly packumentCache full:https://registry.npmjs.org/@react-native-community%2fcli-config-apple cache-miss
231 silly fetch manifest fast-xml-parser@^4.4.1
232 silly packumentCache full:https://registry.npmjs.org/fast-xml-parser cache-miss
233 silly fetch manifest bl@^4.1.0
234 silly packumentCache full:https://registry.npmjs.org/bl cache-miss
235 silly fetch manifest cli-cursor@^3.1.0
236 silly packumentCache full:https://registry.npmjs.org/cli-cursor cache-miss
237 silly fetch manifest log-symbols@^4.1.0
238 silly packumentCache full:https://registry.npmjs.org/log-symbols cache-miss
239 silly fetch manifest is-interactive@^1.0.0
240 silly packumentCache full:https://registry.npmjs.org/is-interactive cache-miss
241 silly fetch manifest is-unicode-supported@^0.1.0
242 silly packumentCache full:https://registry.npmjs.org/is-unicode-supported cache-miss
243 http fetch GET 200 https://registry.npmjs.org/bl 6ms (cache stale)
244 silly packumentCache full:https://registry.npmjs.org/bl set size:188910 disposed:false
245 http fetch GET 200 https://registry.npmjs.org/logkitty 7ms (cache stale)
246 silly packumentCache full:https://registry.npmjs.org/logkitty set size:68390 disposed:false
247 http fetch GET 200 https://registry.npmjs.org/fast-xml-parser 7ms (cache stale)
248 silly packumentCache full:https://registry.npmjs.org/fast-xml-parser set size:506920 disposed:false
249 http fetch GET 200 https://registry.npmjs.org/is-interactive 8ms (cache stale)
250 silly packumentCache full:https://registry.npmjs.org/is-interactive set size:10692 disposed:false
251 http fetch GET 200 https://registry.npmjs.org/log-symbols 8ms (cache stale)
252 silly packumentCache full:https://registry.npmjs.org/log-symbols set size:31977 disposed:false
253 http fetch GET 200 https://registry.npmjs.org/is-unicode-supported 9ms (cache stale)
254 silly packumentCache full:https://registry.npmjs.org/is-unicode-supported set size:19461 disposed:false
255 http fetch GET 200 https://registry.npmjs.org/cli-cursor 11ms (cache stale)
256 silly packumentCache full:https://registry.npmjs.org/cli-cursor set size:18913 disposed:false
257 http fetch GET 200 https://registry.npmjs.org/@react-native-community%2fcli-config-apple 580ms (cache miss)
258 silly packumentCache full:https://registry.npmjs.org/@react-native-community%2fcli-config-apple set size:undefined disposed:false
259 http fetch GET 200 https://registry.npmjs.org/@react-native-community%2fcli-config-android 582ms (cache miss)
260 silly packumentCache full:https://registry.npmjs.org/@react-native-community%2fcli-config-android set size:undefined disposed:false
261 silly placeDep ROOT @react-native-community/cli-config-android@20.1.0 OK for: @react-native-community/cli-platform-android@20.1.0 want: 20.1.0
262 silly placeDep ROOT logkitty@0.7.1 OK for: @react-native-community/cli-platform-android@20.1.0 want: ^0.7.1
263 silly fetch manifest ansi-fragments@^0.2.1
264 silly packumentCache full:https://registry.npmjs.org/ansi-fragments cache-miss
265 silly fetch manifest dayjs@^1.8.15
266 silly packumentCache full:https://registry.npmjs.org/dayjs cache-miss
267 silly fetch manifest yargs@^15.1.0
268 silly packumentCache full:https://registry.npmjs.org/yargs cache-miss
269 http fetch GET 200 https://registry.npmjs.org/ansi-fragments 2ms (cache stale)
270 silly packumentCache full:https://registry.npmjs.org/ansi-fragments set size:17232 disposed:false
271 http fetch GET 200 https://registry.npmjs.org/yargs 3ms (cache stale)
272 silly packumentCache full:https://registry.npmjs.org/yargs set size:743056 disposed:false
273 http fetch GET 200 https://registry.npmjs.org/dayjs 6ms (cache stale)
274 silly packumentCache full:https://registry.npmjs.org/dayjs set size:483478 disposed:false
275 silly placeDep ROOT fast-xml-parser@4.5.3 OK for: @react-native-community/cli-config-android@20.1.0 want: ^4.4.1
276 silly fetch manifest strnum@^1.1.1
277 silly packumentCache full:https://registry.npmjs.org/strnum cache-miss
278 http fetch GET 200 https://registry.npmjs.org/strnum 1ms (cache stale)
279 silly packumentCache full:https://registry.npmjs.org/strnum set size:34841 disposed:false
280 silly placeDep ROOT @react-native-community/cli-config-apple@20.1.0 OK for: @react-native-community/cli-platform-apple@20.1.0 want: 20.1.0
281 silly placeDep ROOT body-parser@1.20.4 OK for: @react-native-community/cli-server-api@20.1.0 want: ^1.20.3
282 silly placeDep ROOT errorhandler@1.5.2 OK for: @react-native-community/cli-server-api@20.1.0 want: ^1.5.1
283 silly placeDep ROOT nocache@3.0.4 OK for: @react-native-community/cli-server-api@20.1.0 want: ^3.0.1
284 silly placeDep node_modules/@react-native-community/cli-server-api open@6.4.0 OK for: @react-native-community/cli-server-api@20.1.0 want: ^6.2.0
285 silly placeDep node_modules/@react-native-community/cli-server-api ws@6.2.3 OK for: @react-native-community/cli-server-api@20.1.0 want: ^6.2.3
286 silly fetch manifest qs@~6.14.0
287 silly packumentCache full:https://registry.npmjs.org/qs cache-miss
288 silly fetch manifest debug@2.6.9
289 silly packumentCache full:https://registry.npmjs.org/debug cache-miss
290 silly fetch manifest type-is@~1.6.18
291 silly packumentCache full:https://registry.npmjs.org/type-is cache-miss
292 silly fetch manifest raw-body@~2.5.3
293 silly packumentCache full:https://registry.npmjs.org/raw-body cache-miss
294 silly fetch manifest iconv-lite@~0.4.24
295 silly packumentCache full:https://registry.npmjs.org/iconv-lite cache-miss
296 silly fetch manifest on-finished@~2.4.1
297 silly packumentCache full:https://registry.npmjs.org/on-finished cache-miss
298 silly fetch manifest content-type@~1.0.5
299 silly packumentCache full:https://registry.npmjs.org/content-type cache-miss
300 silly fetch manifest is-wsl@^1.1.0
301 silly packumentCache full:https://registry.npmjs.org/is-wsl cache-miss
302 http fetch GET 200 https://registry.npmjs.org/iconv-lite 4ms (cache stale)
303 silly packumentCache full:https://registry.npmjs.org/iconv-lite set size:120557 disposed:false
304 http fetch GET 200 https://registry.npmjs.org/debug 6ms (cache stale)
305 silly packumentCache full:https://registry.npmjs.org/debug set size:195840 disposed:false
306 http fetch GET 200 https://registry.npmjs.org/on-finished 7ms (cache stale)
307 silly packumentCache full:https://registry.npmjs.org/on-finished set size:23212 disposed:false
308 http fetch GET 200 https://registry.npmjs.org/is-wsl 7ms (cache stale)
309 silly packumentCache full:https://registry.npmjs.org/is-wsl set size:18741 disposed:false
310 http fetch GET 200 https://registry.npmjs.org/raw-body 230ms (cache miss)
311 silly packumentCache full:https://registry.npmjs.org/raw-body set size:undefined disposed:false
312 http fetch GET 200 https://registry.npmjs.org/type-is 231ms (cache miss)
313 silly packumentCache full:https://registry.npmjs.org/type-is set size:undefined disposed:false
314 http fetch GET 200 https://registry.npmjs.org/content-type 243ms (cache miss)
315 silly packumentCache full:https://registry.npmjs.org/content-type set size:undefined disposed:false
316 http fetch GET 200 https://registry.npmjs.org/qs 248ms (cache miss)
317 silly packumentCache full:https://registry.npmjs.org/qs set size:undefined disposed:false
318 silly placeDep ROOT @vscode/sudo-prompt@9.3.2 OK for: @react-native-community/cli-tools@20.1.0 want: ^9.0.0
319 silly placeDep ROOT appdirsjs@1.2.7 OK for: @react-native-community/cli-tools@20.1.0 want: ^1.2.4
320 silly placeDep node_modules/@react-native-community/cli-tools find-up@5.0.0 OK for: @react-native-community/cli-tools@20.1.0 want: ^5.0.0
321 silly placeDep ROOT launch-editor@2.12.0 OK for: @react-native-community/cli-tools@20.1.0 want: ^2.9.1
322 silly placeDep node_modules/@react-native-community/cli-tools mime@2.6.0 OK for: @react-native-community/cli-tools@20.1.0 want: ^2.4.1
323 silly placeDep node_modules/@react-native-community/cli-tools ora@5.4.1 OK for: @react-native-community/cli-tools@20.1.0 want: ^5.4.1
324 silly placeDep node_modules/@react-native-community/cli-tools semver@7.7.3 OK for: @react-native-community/cli-tools@20.1.0 want: ^7.5.2
325 silly placeDep ROOT content-type@1.0.5 OK for: body-parser@1.20.4 want: ~1.0.5
326 silly placeDep node_modules/body-parser debug@2.6.9 OK for: body-parser@1.20.4 want: 2.6.9
327 silly placeDep node_modules/body-parser iconv-lite@0.4.24 OK for: body-parser@1.20.4 want: ~0.4.24
328 silly placeDep node_modules/body-parser on-finished@2.4.1 OK for: body-parser@1.20.4 want: ~2.4.1
329 silly placeDep ROOT qs@6.14.1 OK for: body-parser@1.20.4 want: ~6.14.0
330 silly placeDep ROOT raw-body@2.5.3 OK for: body-parser@1.20.4 want: ~2.5.3
331 silly placeDep ROOT type-is@1.6.18 OK for: body-parser@1.20.4 want: ~1.6.18
332 silly fetch manifest ms@2.0.0
333 silly packumentCache full:https://registry.npmjs.org/ms cache-miss
334 silly fetch manifest side-channel@^1.1.0
335 silly packumentCache full:https://registry.npmjs.org/side-channel cache-miss
336 silly fetch manifest media-typer@0.3.0
337 silly packumentCache full:https://registry.npmjs.org/media-typer cache-miss
338 http fetch GET 200 https://registry.npmjs.org/side-channel 2ms (cache stale)
339 silly packumentCache full:https://registry.npmjs.org/side-channel set size:24660 disposed:false
340 http fetch GET 200 https://registry.npmjs.org/ms 2ms (cache stale)
341 silly packumentCache full:https://registry.npmjs.org/ms set size:92208 disposed:false
342 http fetch GET 200 https://registry.npmjs.org/media-typer 224ms (cache miss)
343 silly packumentCache full:https://registry.npmjs.org/media-typer set size:undefined disposed:false
344 silly placeDep ROOT env-paths@2.2.1 OK for: cosmiconfig@9.0.0 want: ^2.2.1
345 silly placeDep ROOT import-fresh@3.3.1 OK for: cosmiconfig@9.0.0 want: ^3.3.0
346 silly placeDep node_modules/cosmiconfig js-yaml@4.1.1 OK for: cosmiconfig@9.0.0 want: ^4.1.0
347 silly fetch manifest parent-module@^1.0.0
348 silly packumentCache full:https://registry.npmjs.org/parent-module cache-miss
349 silly fetch manifest resolve-from@^4.0.0
350 silly packumentCache full:https://registry.npmjs.org/resolve-from cache-miss
351 silly fetch manifest argparse@^2.0.1
352 silly packumentCache full:https://registry.npmjs.org/argparse cache-miss
353 http fetch GET 200 https://registry.npmjs.org/argparse 2ms (cache stale)
354 silly packumentCache full:https://registry.npmjs.org/argparse set size:49266 disposed:false
355 http fetch GET 200 https://registry.npmjs.org/resolve-from 2ms (cache stale)
356 silly packumentCache full:https://registry.npmjs.org/resolve-from set size:12911 disposed:false
357 http fetch GET 200 https://registry.npmjs.org/parent-module 233ms (cache miss)
358 silly packumentCache full:https://registry.npmjs.org/parent-module set size:undefined disposed:false
359 silly placeDep ROOT @nodelib/fs.stat@2.0.5 OK for: fast-glob@3.3.3 want: ^2.0.2
360 silly placeDep ROOT @nodelib/fs.walk@1.2.8 OK for: fast-glob@3.3.3 want: ^1.2.3
361 silly placeDep ROOT glob-parent@5.1.2 OK for: fast-glob@3.3.3 want: ^5.1.2
362 silly placeDep ROOT merge2@1.4.1 OK for: fast-glob@3.3.3 want: ^1.3.0
363 silly fetch manifest fastq@^1.6.0
364 silly packumentCache full:https://registry.npmjs.org/fastq cache-miss
365 silly fetch manifest @nodelib/fs.scandir@2.1.5
366 silly packumentCache full:https://registry.npmjs.org/@nodelib%2ffs.scandir cache-miss
367 silly fetch manifest is-glob@^4.0.1
368 silly packumentCache full:https://registry.npmjs.org/is-glob cache-miss
369 http fetch GET 200 https://registry.npmjs.org/@nodelib%2ffs.scandir 2ms (cache stale)
370 silly packumentCache full:https://registry.npmjs.org/@nodelib%2ffs.scandir set size:49256 disposed:false
371 http fetch GET 200 https://registry.npmjs.org/fastq 2ms (cache stale)
372 silly packumentCache full:https://registry.npmjs.org/fastq set size:78301 disposed:false
373 http fetch GET 200 https://registry.npmjs.org/is-glob 4ms (cache stale)
374 silly packumentCache full:https://registry.npmjs.org/is-glob set size:40530 disposed:false
375 silly placeDep ROOT @nodelib/fs.scandir@2.1.5 OK for: @nodelib/fs.walk@1.2.8 want: 2.1.5
376 silly placeDep ROOT fastq@1.20.1 OK for: @nodelib/fs.walk@1.2.8 want: ^1.6.0
377 silly fetch manifest run-parallel@^1.1.9
378 silly packumentCache full:https://registry.npmjs.org/run-parallel cache-miss
379 silly fetch manifest reusify@^1.0.4
380 silly packumentCache full:https://registry.npmjs.org/reusify cache-miss
381 http fetch GET 200 https://registry.npmjs.org/reusify 1ms (cache stale)
382 silly packumentCache full:https://registry.npmjs.org/reusify set size:14249 disposed:false
383 http fetch GET 200 https://registry.npmjs.org/run-parallel 1ms (cache stale)
384 silly packumentCache full:https://registry.npmjs.org/run-parallel set size:35172 disposed:false
385 silly placeDep ROOT run-parallel@1.2.0 OK for: @nodelib/fs.scandir@2.1.5 want: ^1.1.9
386 silly fetch manifest queue-microtask@^1.2.2
387 silly packumentCache full:https://registry.npmjs.org/queue-microtask cache-miss
388 http fetch GET 200 https://registry.npmjs.org/queue-microtask 0ms (cache stale)
389 silly packumentCache full:https://registry.npmjs.org/queue-microtask set size:36088 disposed:false
390 silly placeDep ROOT strnum@1.1.2 OK for: fast-xml-parser@4.5.3 want: ^1.1.1
391 silly placeDep ROOT reusify@1.1.0 OK for: fastq@1.20.1 want: ^1.0.4
392 silly placeDep ROOT jsonfile@4.0.0 OK for: fs-extra@8.1.0 want: ^4.0.0
393 silly placeDep node_modules/fs-extra universalify@0.1.2 OK for: fs-extra@8.1.0 want: ^0.1.0
394 silly placeDep ROOT is-glob@4.0.3 OK for: glob-parent@5.1.2 want: ^4.0.1
395 silly fetch manifest is-extglob@^2.1.1
396 silly packumentCache full:https://registry.npmjs.org/is-extglob cache-miss
397 http fetch GET 200 https://registry.npmjs.org/is-extglob 1ms (cache stale)
398 silly packumentCache full:https://registry.npmjs.org/is-extglob set size:11766 disposed:false
399 silly placeDep ROOT parent-module@1.0.1 OK for: import-fresh@3.3.1 want: ^1.0.0
400 silly placeDep node_modules/import-fresh resolve-from@4.0.0 OK for: import-fresh@3.3.1 want: ^4.0.0
401 silly placeDep ROOT is-extglob@2.1.1 OK for: is-glob@4.0.3 want: ^2.1.1
402 silly placeDep ROOT @hapi/hoek@9.3.0 OK for: joi@17.13.3 want: ^9.3.0
403 silly placeDep ROOT @hapi/topo@5.1.0 OK for: joi@17.13.3 want: ^5.1.0
404 silly placeDep ROOT @sideway/address@4.1.5 OK for: joi@17.13.3 want: ^4.1.5
405 silly placeDep ROOT @sideway/formula@3.0.1 OK for: joi@17.13.3 want: ^3.0.1
406 silly placeDep ROOT @sideway/pinpoint@2.0.0 OK for: joi@17.13.3 want: ^2.0.0
407 silly placeDep ROOT ansi-fragments@0.2.1 OK for: logkitty@0.7.1 want: ^0.2.1
408 silly placeDep ROOT dayjs@1.11.19 OK for: logkitty@0.7.1 want: ^1.8.15
409 silly placeDep node_modules/logkitty yargs@15.4.1 OK for: logkitty@0.7.1 want: ^15.1.0
410 silly fetch manifest colorette@^1.0.7
411 silly packumentCache full:https://registry.npmjs.org/colorette cache-miss
412 silly fetch manifest slice-ansi@^2.0.0
413 silly packumentCache full:https://registry.npmjs.org/slice-ansi cache-miss
414 silly fetch manifest strip-ansi@^5.0.0
415 silly packumentCache full:https://registry.npmjs.org/strip-ansi cache-miss
416 silly fetch manifest y18n@^4.0.0
417 silly packumentCache full:https://registry.npmjs.org/y18n cache-miss
418 silly fetch manifest cliui@^6.0.0
419 silly packumentCache full:https://registry.npmjs.org/cliui cache-miss
420 silly fetch manifest decamelize@^1.2.0
421 silly packumentCache full:https://registry.npmjs.org/decamelize cache-miss
422 silly fetch manifest set-blocking@^2.0.0
423 silly packumentCache full:https://registry.npmjs.org/set-blocking cache-miss
424 silly fetch manifest which-module@^2.0.0
425 silly packumentCache full:https://registry.npmjs.org/which-module cache-miss
426 silly fetch manifest yargs-parser@^18.1.2
427 silly packumentCache full:https://registry.npmjs.org/yargs-parser cache-miss
428 http fetch GET 200 https://registry.npmjs.org/slice-ansi 5ms (cache stale)
429 silly packumentCache full:https://registry.npmjs.org/slice-ansi set size:31098 disposed:false
430 silly fetch manifest require-main-filename@^2.0.0
431 silly packumentCache full:https://registry.npmjs.org/require-main-filename cache-miss
432 http fetch GET 200 https://registry.npmjs.org/which-module 5ms (cache stale)
433 silly packumentCache full:https://registry.npmjs.org/which-module set size:13898 disposed:false
434 http fetch GET 200 https://registry.npmjs.org/colorette 5ms (cache stale)
435 silly packumentCache full:https://registry.npmjs.org/colorette set size:92733 disposed:false
436 http fetch GET 200 https://registry.npmjs.org/decamelize 17ms (cache stale)
437 silly packumentCache full:https://registry.npmjs.org/decamelize set size:34500 disposed:false
438 http fetch GET 200 https://registry.npmjs.org/strip-ansi 18ms (cache stale)
439 silly packumentCache full:https://registry.npmjs.org/strip-ansi set size:41855 disposed:false
440 http fetch GET 200 https://registry.npmjs.org/cliui 20ms (cache stale)
441 silly packumentCache full:https://registry.npmjs.org/cliui set size:69089 disposed:false
442 http fetch GET 200 https://registry.npmjs.org/yargs-parser 20ms (cache stale)
443 silly packumentCache full:https://registry.npmjs.org/yargs-parser set size:238630 disposed:false
444 http fetch GET 200 https://registry.npmjs.org/set-blocking 21ms (cache stale)
445 silly packumentCache full:https://registry.npmjs.org/set-blocking set size:5763 disposed:false
446 http fetch GET 200 https://registry.npmjs.org/y18n 21ms (cache stale)
447 silly packumentCache full:https://registry.npmjs.org/y18n set size:76155 disposed:false
448 http fetch GET 200 https://registry.npmjs.org/require-main-filename 18ms (cache stale)
449 silly packumentCache full:https://registry.npmjs.org/require-main-filename set size:7471 disposed:false
450 silly placeDep ROOT colorette@1.4.0 OK for: ansi-fragments@0.2.1 want: ^1.0.7
451 silly placeDep ROOT slice-ansi@2.1.0 OK for: ansi-fragments@0.2.1 want: ^2.0.0
452 silly placeDep node_modules/ansi-fragments strip-ansi@5.2.0 OK for: ansi-fragments@0.2.1 want: ^5.0.0
453 silly fetch manifest ansi-styles@^3.2.0
454 silly packumentCache full:https://registry.npmjs.org/ansi-styles cache-miss
455 silly fetch manifest astral-regex@^1.0.0
456 silly packumentCache full:https://registry.npmjs.org/astral-regex cache-miss
457 silly fetch manifest is-fullwidth-code-point@^2.0.0
458 silly packumentCache full:https://registry.npmjs.org/is-fullwidth-code-point cache-miss
459 silly fetch manifest ansi-regex@^4.1.0
460 silly packumentCache full:https://registry.npmjs.org/ansi-regex cache-miss
461 http fetch GET 200 https://registry.npmjs.org/ansi-styles 2ms (cache stale)
462 silly packumentCache full:https://registry.npmjs.org/ansi-styles set size:63233 disposed:false
463 http fetch GET 200 https://registry.npmjs.org/is-fullwidth-code-point 3ms (cache stale)
464 silly packumentCache full:https://registry.npmjs.org/is-fullwidth-code-point set size:14578 disposed:false
465 http fetch GET 200 https://registry.npmjs.org/astral-regex 3ms (cache stale)
466 silly packumentCache full:https://registry.npmjs.org/astral-regex set size:5602 disposed:false
467 http fetch GET 200 https://registry.npmjs.org/ansi-regex 5ms (cache stale)
468 silly packumentCache full:https://registry.npmjs.org/ansi-regex set size:43572 disposed:false
469 silly placeDep ROOT side-channel@1.1.0 OK for: qs@6.14.1 want: ^1.1.0
470 silly fetch manifest object-inspect@^1.13.3
471 silly packumentCache full:https://registry.npmjs.org/object-inspect cache-miss
472 silly fetch manifest side-channel-list@^1.0.0
473 silly packumentCache full:https://registry.npmjs.org/side-channel-list cache-miss
474 silly fetch manifest side-channel-map@^1.0.1
475 silly packumentCache full:https://registry.npmjs.org/side-channel-map cache-miss
476 silly fetch manifest side-channel-weakmap@^1.0.2
477 silly packumentCache full:https://registry.npmjs.org/side-channel-weakmap cache-miss
478 http fetch GET 200 https://registry.npmjs.org/side-channel-weakmap 2ms (cache stale)
479 silly packumentCache full:https://registry.npmjs.org/side-channel-weakmap set size:12620 disposed:false
480 http fetch GET 200 https://registry.npmjs.org/side-channel-list 3ms (cache stale)
481 silly packumentCache full:https://registry.npmjs.org/side-channel-list set size:6005 disposed:false
482 http fetch GET 200 https://registry.npmjs.org/object-inspect 3ms (cache stale)
483 silly packumentCache full:https://registry.npmjs.org/object-inspect set size:101912 disposed:false
484 http fetch GET 200 https://registry.npmjs.org/side-channel-map 3ms (cache stale)
485 silly packumentCache full:https://registry.npmjs.org/side-channel-map set size:9126 disposed:false
486 silly placeDep node_modules/raw-body iconv-lite@0.4.24 OK for: raw-body@2.5.3 want: ~0.4.24
487 silly placeDep ROOT queue-microtask@1.2.3 OK for: run-parallel@1.2.0 want: ^1.2.2
488 silly placeDep ROOT object-inspect@1.13.4 OK for: side-channel@1.1.0 want: ^1.13.3
489 silly placeDep ROOT side-channel-list@1.0.0 OK for: side-channel@1.1.0 want: ^1.0.0
490 silly placeDep ROOT side-channel-map@1.0.1 OK for: side-channel@1.1.0 want: ^1.0.1
491 silly placeDep ROOT side-channel-weakmap@1.0.2 OK for: side-channel@1.1.0 want: ^1.0.2
492 silly placeDep node_modules/slice-ansi ansi-styles@3.2.1 OK for: slice-ansi@2.1.0 want: ^3.2.0
493 silly placeDep ROOT astral-regex@1.0.0 OK for: slice-ansi@2.1.0 want: ^1.0.0
494 silly placeDep node_modules/slice-ansi is-fullwidth-code-point@2.0.0 OK for: slice-ansi@2.1.0 want: ^2.0.0
495 silly fetch manifest color-convert@^1.9.0
496 silly packumentCache full:https://registry.npmjs.org/color-convert cache-miss
497 http fetch GET 200 https://registry.npmjs.org/color-convert 2ms (cache stale)
498 silly packumentCache full:https://registry.npmjs.org/color-convert set size:72663 disposed:false
499 silly placeDep ROOT media-typer@0.3.0 OK for: type-is@1.6.18 want: 0.3.0
500 silly fetch manifest @react-native-async-storage/async-storage@^1.18.1
501 silly packumentCache full:https://registry.npmjs.org/@react-native-async-storage%2fasync-storage cache-miss
502 http fetch GET 200 https://registry.npmjs.org/@react-native-async-storage%2fasync-storage 2ms (cache stale)
503 silly packumentCache full:https://registry.npmjs.org/@react-native-async-storage%2fasync-storage set size:400637 disposed:false
504 silly fetch manifest react-native@^0.0.0-0 || >=0.60 <1.0
505 silly packumentCache full:https://registry.npmjs.org/react-native cache-miss
506 http fetch GET 200 https://registry.npmjs.org/react-native 17ms (cache stale)
507 silly packumentCache full:https://registry.npmjs.org/react-native set size:14630637 disposed:false
508 silly fetch manifest @types/react@^19.1.1
509 silly packumentCache full:https://registry.npmjs.org/@types%2freact cache-miss
510 http fetch GET 200 https://registry.npmjs.org/@types%2freact 4ms (cache stale)
511 silly packumentCache full:https://registry.npmjs.org/@types%2freact set size:2541992 disposed:false
512 silly fetch manifest react@^19.2.0
513 silly packumentCache full:https://registry.npmjs.org/react cache-miss
514 http fetch GET 200 https://registry.npmjs.org/react 8ms (cache stale)
515 silly packumentCache full:https://registry.npmjs.org/react set size:6366570 disposed:false
516 silly placeDep node_modules/@firebase/auth-compat @react-native-async-storage/async-storage@1.24.0 OK for: @firebase/auth@1.7.9 want: ^1.18.1
517 silly placeDep ROOT bl@4.1.0 OK for: ora@5.4.1 want: ^4.1.0
518 silly placeDep node_modules/@react-native-community/cli-doctor cli-cursor@3.1.0 OK for: ora@5.4.1 want: ^3.1.0
519 silly placeDep ROOT is-interactive@1.0.0 OK for: ora@5.4.1 want: ^1.0.0
520 silly placeDep ROOT is-unicode-supported@0.1.0 OK for: ora@5.4.1 want: ^0.1.0
521 silly placeDep node_modules/@react-native-community/cli-doctor log-symbols@4.1.0 OK for: ora@5.4.1 want: ^4.1.0
522 silly fetch manifest readable-stream@^3.4.0
523 silly packumentCache full:https://registry.npmjs.org/readable-stream cache-miss
524 silly fetch manifest restore-cursor@^3.1.0
525 silly packumentCache full:https://registry.npmjs.org/restore-cursor cache-miss
526 http fetch GET 200 https://registry.npmjs.org/restore-cursor 2ms (cache stale)
527 silly packumentCache full:https://registry.npmjs.org/restore-cursor set size:17895 disposed:false
528 http fetch GET 200 https://registry.npmjs.org/readable-stream 3ms (cache stale)
529 silly packumentCache full:https://registry.npmjs.org/readable-stream set size:261096 disposed:false
530 silly placeDep ROOT readable-stream@3.6.2 OK for: bl@4.1.0 want: ^3.4.0
531 silly fetch manifest string_decoder@^1.1.1
532 silly packumentCache full:https://registry.npmjs.org/string_decoder cache-miss
533 silly fetch manifest util-deprecate@^1.0.1
534 silly packumentCache full:https://registry.npmjs.org/util-deprecate cache-miss
535 http fetch GET 200 https://registry.npmjs.org/util-deprecate 1ms (cache stale)
536 silly packumentCache full:https://registry.npmjs.org/util-deprecate set size:6674 disposed:false
537 http fetch GET 200 https://registry.npmjs.org/string_decoder 2ms (cache stale)
538 silly packumentCache full:https://registry.npmjs.org/string_decoder set size:28441 disposed:false
539 silly placeDep ROOT string_decoder@1.3.0 OK for: readable-stream@3.6.2 want: ^1.1.1
540 silly placeDep ROOT util-deprecate@1.0.2 OK for: readable-stream@3.6.2 want: ^1.0.1
541 silly placeDep node_modules/@react-native-community/cli-doctor restore-cursor@3.1.0 OK for: cli-cursor@3.1.0 want: ^3.1.0
542 silly placeDep node_modules/@react-native-community/cli-server-api is-wsl@1.1.0 OK for: open@6.4.0 want: ^1.1.0
543 silly placeDep node_modules/@react-native-community/cli-tools locate-path@6.0.0 OK for: find-up@5.0.0 want: ^6.0.0
544 silly fetch manifest p-locate@^5.0.0
545 silly packumentCache full:https://registry.npmjs.org/p-locate cache-miss
546 http fetch GET 200 https://registry.npmjs.org/p-locate 1ms (cache stale)
547 silly packumentCache full:https://registry.npmjs.org/p-locate set size:20789 disposed:false
548 silly placeDep node_modules/@react-native-community/cli-tools p-locate@5.0.0 OK for: locate-path@6.0.0 want: ^5.0.0
549 silly placeDep node_modules/@react-native-community/cli-tools cli-cursor@3.1.0 OK for: ora@5.4.1 want: ^3.1.0
550 silly placeDep node_modules/@react-native-community/cli-tools log-symbols@4.1.0 OK for: ora@5.4.1 want: ^4.1.0
551 silly placeDep node_modules/@react-native-community/cli-tools restore-cursor@3.1.0 OK for: cli-cursor@3.1.0 want: ^3.1.0
552 silly placeDep node_modules/@react-native-community/cli locate-path@6.0.0 OK for: find-up@5.0.0 want: ^6.0.0
553 silly placeDep node_modules/@react-native-community/cli p-locate@5.0.0 OK for: locate-path@6.0.0 want: ^5.0.0
554 silly placeDep node_modules/ansi-fragments ansi-regex@4.1.1 OK for: strip-ansi@5.2.0 want: ^4.1.0
555 silly placeDep node_modules/body-parser ms@2.0.0 OK for: debug@2.6.9 want: 2.0.0
556 silly placeDep node_modules/cosmiconfig argparse@2.0.1 OK for: js-yaml@4.1.1 want: ^2.0.1
557 silly placeDep node_modules/firebase @react-native-async-storage/async-storage@1.24.0 OK for: @firebase/auth@1.7.9 want: ^1.18.1
558 silly placeDep node_modules/logkitty cliui@6.0.0 OK for: yargs@15.4.1 want: ^6.0.0
559 silly placeDep ROOT decamelize@1.2.0 OK for: yargs@15.4.1 want: ^1.2.0
560 silly placeDep ROOT require-main-filename@2.0.0 OK for: yargs@15.4.1 want: ^2.0.0
561 silly placeDep ROOT set-blocking@2.0.0 OK for: yargs@15.4.1 want: ^2.0.0
562 silly placeDep ROOT which-module@2.0.1 OK for: yargs@15.4.1 want: ^2.0.0
563 silly placeDep node_modules/logkitty y18n@4.0.3 OK for: yargs@15.4.1 want: ^4.0.0
564 silly placeDep node_modules/logkitty yargs-parser@18.1.3 OK for: yargs@15.4.1 want: ^18.1.2
565 silly fetch manifest wrap-ansi@^6.2.0
566 silly packumentCache full:https://registry.npmjs.org/wrap-ansi cache-miss
567 http fetch GET 200 https://registry.npmjs.org/wrap-ansi 1ms (cache stale)
568 silly packumentCache full:https://registry.npmjs.org/wrap-ansi set size:51195 disposed:false
569 silly placeDep node_modules/logkitty wrap-ansi@6.2.0 OK for: cliui@6.0.0 want: ^6.2.0
570 silly placeDep node_modules/slice-ansi color-convert@1.9.3 OK for: ansi-styles@3.2.1 want: ^1.9.0
571 silly fetch manifest color-name@1.1.3
572 silly packumentCache full:https://registry.npmjs.org/color-name cache-miss
573 http fetch GET 200 https://registry.npmjs.org/color-name 1ms (cache stale)
574 silly packumentCache full:https://registry.npmjs.org/color-name set size:19467 disposed:false
575 silly placeDep node_modules/slice-ansi color-name@1.1.3 OK for: color-convert@1.9.3 want: 1.1.3
576 silly reify moves {}
577 http cache require-main-filename@https://registry.npmjs.org/require-main-filename/-/require-main-filename-2.0.0.tgz 0ms (cache hit)
578 http cache string_decoder@https://registry.npmjs.org/string_decoder/-/string_decoder-1.3.0.tgz 0ms (cache hit)
579 http cache util-deprecate@https://registry.npmjs.org/util-deprecate/-/util-deprecate-1.0.2.tgz 0ms (cache hit)
580 http cache decamelize@https://registry.npmjs.org/decamelize/-/decamelize-1.2.0.tgz 0ms (cache hit)
581 http cache readable-stream@https://registry.npmjs.org/readable-stream/-/readable-stream-3.6.2.tgz 0ms (cache hit)
582 http cache astral-regex@https://registry.npmjs.org/astral-regex/-/astral-regex-1.0.0.tgz 0ms (cache hit)
583 http cache media-typer@https://registry.npmjs.org/media-typer/-/media-typer-0.3.0.tgz 0ms (cache hit)
584 http cache which-module@https://registry.npmjs.org/which-module/-/which-module-2.0.1.tgz 0ms (cache hit)
585 http cache side-channel-map@https://registry.npmjs.org/side-channel-map/-/side-channel-map-1.0.1.tgz 0ms (cache hit)
586 http cache side-channel-weakmap@https://registry.npmjs.org/side-channel-weakmap/-/side-channel-weakmap-1.0.2.tgz 0ms (cache hit)
587 http cache side-channel@https://registry.npmjs.org/side-channel/-/side-channel-1.1.0.tgz 0ms (cache hit)
588 http cache side-channel-list@https://registry.npmjs.org/side-channel-list/-/side-channel-list-1.0.0.tgz 0ms (cache hit)
589 http cache queue-microtask@https://registry.npmjs.org/queue-microtask/-/queue-microtask-1.2.3.tgz 0ms (cache hit)
590 http cache object-inspect@https://registry.npmjs.org/object-inspect/-/object-inspect-1.13.4.tgz 0ms (cache hit)
591 http cache bl@https://registry.npmjs.org/bl/-/bl-4.1.0.tgz 0ms (cache hit)
592 http cache colorette@https://registry.npmjs.org/colorette/-/colorette-1.4.0.tgz 0ms (cache hit)
593 http cache slice-ansi@https://registry.npmjs.org/slice-ansi/-/slice-ansi-2.1.0.tgz 0ms (cache hit)
594 http cache @sideway/pinpoint@https://registry.npmjs.org/@sideway/pinpoint/-/pinpoint-2.0.0.tgz 0ms (cache hit)
595 http cache ansi-fragments@https://registry.npmjs.org/ansi-fragments/-/ansi-fragments-0.2.1.tgz 0ms (cache hit)
596 http cache @hapi/topo@https://registry.npmjs.org/@hapi/topo/-/topo-5.1.0.tgz 0ms (cache hit)
597 http cache dayjs@https://registry.npmjs.org/dayjs/-/dayjs-1.11.19.tgz 0ms (cache hit)
598 http cache set-blocking@https://registry.npmjs.org/set-blocking/-/set-blocking-2.0.0.tgz 0ms (cache hit)
599 http cache @hapi/hoek@https://registry.npmjs.org/@hapi/hoek/-/hoek-9.3.0.tgz 0ms (cache hit)
600 http cache parent-module@https://registry.npmjs.org/parent-module/-/parent-module-1.0.1.tgz 0ms (cache hit)
601 http cache reusify@https://registry.npmjs.org/reusify/-/reusify-1.1.0.tgz 0ms (cache hit)
602 http cache is-glob@https://registry.npmjs.org/is-glob/-/is-glob-4.0.3.tgz 0ms (cache hit)
603 http cache @sideway/formula@https://registry.npmjs.org/@sideway/formula/-/formula-3.0.1.tgz 0ms (cache hit)
604 http cache jsonfile@https://registry.npmjs.org/jsonfile/-/jsonfile-4.0.0.tgz 0ms (cache hit)
605 http cache @nodelib/fs.scandir@https://registry.npmjs.org/@nodelib/fs.scandir/-/fs.scandir-2.1.5.tgz 0ms (cache hit)
606 http cache merge2@https://registry.npmjs.org/merge2/-/merge2-1.4.1.tgz 0ms (cache hit)
607 http cache run-parallel@https://registry.npmjs.org/run-parallel/-/run-parallel-1.2.0.tgz 0ms (cache hit)
608 http cache fastq@https://registry.npmjs.org/fastq/-/fastq-1.20.1.tgz 0ms (cache hit)
609 http cache glob-parent@https://registry.npmjs.org/glob-parent/-/glob-parent-5.1.2.tgz 0ms (cache hit)
610 http cache strnum@https://registry.npmjs.org/strnum/-/strnum-1.1.2.tgz 0ms (cache hit)
611 http cache type-is@https://registry.npmjs.org/type-is/-/type-is-1.6.18.tgz 0ms (cache hit)
612 http cache @sideway/address@https://registry.npmjs.org/@sideway/address/-/address-4.1.5.tgz 0ms (cache hit)
613 http cache is-extglob@https://registry.npmjs.org/is-extglob/-/is-extglob-2.1.1.tgz 0ms (cache hit)
614 http cache @nodelib/fs.stat@https://registry.npmjs.org/@nodelib/fs.stat/-/fs.stat-2.0.5.tgz 0ms (cache hit)
615 http cache env-paths@https://registry.npmjs.org/env-paths/-/env-paths-2.2.1.tgz 0ms (cache hit)
616 http cache is-interactive@https://registry.npmjs.org/is-interactive/-/is-interactive-1.0.0.tgz 0ms (cache hit)
617 http cache raw-body@https://registry.npmjs.org/raw-body/-/raw-body-2.5.3.tgz 0ms (cache hit)
618 http cache qs@https://registry.npmjs.org/qs/-/qs-6.14.1.tgz 0ms (cache hit)
619 http cache import-fresh@https://registry.npmjs.org/import-fresh/-/import-fresh-3.3.1.tgz 0ms (cache hit)
620 http cache content-type@https://registry.npmjs.org/content-type/-/content-type-1.0.5.tgz 0ms (cache hit)
621 http cache appdirsjs@https://registry.npmjs.org/appdirsjs/-/appdirsjs-1.2.7.tgz 0ms (cache hit)
622 http cache launch-editor@https://registry.npmjs.org/launch-editor/-/launch-editor-2.12.0.tgz 0ms (cache hit)
623 http cache nocache@https://registry.npmjs.org/nocache/-/nocache-3.0.4.tgz 0ms (cache hit)
624 http cache body-parser@https://registry.npmjs.org/body-parser/-/body-parser-1.20.4.tgz 0ms (cache hit)
625 http cache logkitty@https://registry.npmjs.org/logkitty/-/logkitty-0.7.1.tgz 0ms (cache hit)
626 http cache @vscode/sudo-prompt@https://registry.npmjs.org/@vscode/sudo-prompt/-/sudo-prompt-9.3.2.tgz 0ms (cache hit)
627 http cache @react-native-community/cli-config-apple@https://registry.npmjs.org/@react-native-community/cli-config-apple/-/cli-config-apple-20.1.0.tgz 0ms (cache hit)
628 http cache @react-native-community/cli-config-android@https://registry.npmjs.org/@react-native-community/cli-config-android/-/cli-config-android-20.1.0.tgz 0ms (cache hit)
629 http cache node-stream-zip@https://registry.npmjs.org/node-stream-zip/-/node-stream-zip-1.15.0.tgz 0ms (cache hit)
630 http cache fast-xml-parser@https://registry.npmjs.org/fast-xml-parser/-/fast-xml-parser-4.5.3.tgz 0ms (cache hit)
631 http cache envinfo@https://registry.npmjs.org/envinfo/-/envinfo-7.21.0.tgz 0ms (cache hit)
632 http cache command-exists@https://registry.npmjs.org/command-exists/-/command-exists-1.2.9.tgz 0ms (cache hit)
633 http cache @react-native-community/cli-platform-ios@https://registry.npmjs.org/@react-native-community/cli-platform-ios/-/cli-platform-ios-20.1.0.tgz 0ms (cache hit)
634 http cache joi@https://registry.npmjs.org/joi/-/joi-17.13.3.tgz 0ms (cache hit)
635 http cache @react-native-community/cli-platform-apple@https://registry.npmjs.org/@react-native-community/cli-platform-apple/-/cli-platform-apple-20.1.0.tgz 0ms (cache hit)
636 http cache @react-native-community/cli-platform-android@https://registry.npmjs.org/@react-native-community/cli-platform-android/-/cli-platform-android-20.1.0.tgz 0ms (cache hit)
637 http cache cosmiconfig@https://registry.npmjs.org/cosmiconfig/-/cosmiconfig-9.0.0.tgz 0ms (cache hit)
638 http cache is-unicode-supported@https://registry.npmjs.org/is-unicode-supported/-/is-unicode-supported-0.1.0.tgz 0ms (cache hit)
639 http cache @react-native-community/cli-types@https://registry.npmjs.org/@react-native-community/cli-types/-/cli-types-20.1.0.tgz 0ms (cache hit)
640 http cache fs-extra@https://registry.npmjs.org/fs-extra/-/fs-extra-8.1.0.tgz 0ms (cache hit)
641 http cache @react-native-community/cli-doctor@https://registry.npmjs.org/@react-native-community/cli-doctor/-/cli-doctor-20.1.0.tgz 0ms (cache hit)
642 http cache @react-native-community/cli-config@https://registry.npmjs.org/@react-native-community/cli-config/-/cli-config-20.1.0.tgz 0ms (cache hit)
643 http cache @react-native-community/cli-tools@https://registry.npmjs.org/@react-native-community/cli-tools/-/cli-tools-20.1.0.tgz 0ms (cache hit)
644 http cache fast-glob@https://registry.npmjs.org/fast-glob/-/fast-glob-3.3.3.tgz 0ms (cache hit)
645 http cache @react-native-community/cli-server-api@https://registry.npmjs.org/@react-native-community/cli-server-api/-/cli-server-api-20.1.0.tgz 0ms (cache hit)
646 http cache @react-native-community/cli-clean@https://registry.npmjs.org/@react-native-community/cli-clean/-/cli-clean-20.1.0.tgz 0ms (cache hit)
647 http cache color-name@https://registry.npmjs.org/color-name/-/color-name-1.1.3.tgz 0ms (cache hit)
648 http cache @react-native-community/cli@https://registry.npmjs.org/@react-native-community/cli/-/cli-20.1.0.tgz 0ms (cache hit)
649 http cache color-convert@https://registry.npmjs.org/color-convert/-/color-convert-1.9.3.tgz 0ms (cache hit)
650 http cache ansi-styles@https://registry.npmjs.org/ansi-styles/-/ansi-styles-3.2.1.tgz 0ms (cache hit)
651 http cache ansi-regex@https://registry.npmjs.org/ansi-regex/-/ansi-regex-4.1.1.tgz 0ms (cache hit)
652 http cache @nodelib/fs.walk@https://registry.npmjs.org/@nodelib/fs.walk/-/fs.walk-1.2.8.tgz 0ms (cache hit)
653 http cache is-fullwidth-code-point@https://registry.npmjs.org/is-fullwidth-code-point/-/is-fullwidth-code-point-2.0.0.tgz 0ms (cache hit)
654 http cache strip-ansi@https://registry.npmjs.org/strip-ansi/-/strip-ansi-5.2.0.tgz 0ms (cache hit)
655 http cache errorhandler@https://registry.npmjs.org/errorhandler/-/errorhandler-1.5.2.tgz 0ms (cache hit)
656 http cache iconv-lite@https://registry.npmjs.org/iconv-lite/-/iconv-lite-0.4.24.tgz 0ms (cache hit)
657 http cache resolve-from@https://registry.npmjs.org/resolve-from/-/resolve-from-4.0.0.tgz 0ms (cache hit)
658 http cache on-finished@https://registry.npmjs.org/on-finished/-/on-finished-2.4.1.tgz 0ms (cache hit)
659 http cache iconv-lite@https://registry.npmjs.org/iconv-lite/-/iconv-lite-0.4.24.tgz 0ms (cache hit)
660 http cache wrap-ansi@https://registry.npmjs.org/wrap-ansi/-/wrap-ansi-6.2.0.tgz 0ms (cache hit)
661 http cache y18n@https://registry.npmjs.org/y18n/-/y18n-4.0.3.tgz 0ms (cache hit)
662 http cache argparse@https://registry.npmjs.org/argparse/-/argparse-2.0.1.tgz 0ms (cache hit)
663 http cache debug@https://registry.npmjs.org/debug/-/debug-2.6.9.tgz 0ms (cache hit)
664 http cache yargs@https://registry.npmjs.org/yargs/-/yargs-15.4.1.tgz 0ms (cache hit)
665 http cache universalify@https://registry.npmjs.org/universalify/-/universalify-0.1.2.tgz 0ms (cache hit)
666 http cache yargs-parser@https://registry.npmjs.org/yargs-parser/-/yargs-parser-18.1.3.tgz 0ms (cache hit)
667 http cache ms@https://registry.npmjs.org/ms/-/ms-2.0.0.tgz 0ms (cache hit)
668 http cache cliui@https://registry.npmjs.org/cliui/-/cliui-6.0.0.tgz 0ms (cache hit)
669 http cache cli-cursor@https://registry.npmjs.org/cli-cursor/-/cli-cursor-3.1.0.tgz 0ms (cache hit)
670 http cache restore-cursor@https://registry.npmjs.org/restore-cursor/-/restore-cursor-3.1.0.tgz 0ms (cache hit)
671 http cache p-locate@https://registry.npmjs.org/p-locate/-/p-locate-5.0.0.tgz 0ms (cache hit)
672 http cache ora@https://registry.npmjs.org/ora/-/ora-5.4.1.tgz 0ms (cache hit)
673 http cache js-yaml@https://registry.npmjs.org/js-yaml/-/js-yaml-4.1.1.tgz 0ms (cache hit)
674 http cache log-symbols@https://registry.npmjs.org/log-symbols/-/log-symbols-4.1.0.tgz 0ms (cache hit)
675 http cache semver@https://registry.npmjs.org/semver/-/semver-7.7.3.tgz 0ms (cache hit)
676 http cache is-wsl@https://registry.npmjs.org/is-wsl/-/is-wsl-1.1.0.tgz 0ms (cache hit)
677 http cache locate-path@https://registry.npmjs.org/locate-path/-/locate-path-6.0.0.tgz 0ms (cache hit)
678 http cache open@https://registry.npmjs.org/open/-/open-6.4.0.tgz 0ms (cache hit)
679 http cache find-up@https://registry.npmjs.org/find-up/-/find-up-5.0.0.tgz 0ms (cache hit)
680 http cache restore-cursor@https://registry.npmjs.org/restore-cursor/-/restore-cursor-3.1.0.tgz 0ms (cache hit)
681 http cache ws@https://registry.npmjs.org/ws/-/ws-6.2.3.tgz 0ms (cache hit)
682 http cache mime@https://registry.npmjs.org/mime/-/mime-2.6.0.tgz 0ms (cache hit)
683 http cache semver@https://registry.npmjs.org/semver/-/semver-7.7.3.tgz 0ms (cache hit)
684 http cache locate-path@https://registry.npmjs.org/locate-path/-/locate-path-6.0.0.tgz 0ms (cache hit)
685 http cache log-symbols@https://registry.npmjs.org/log-symbols/-/log-symbols-4.1.0.tgz 0ms (cache hit)
686 http cache p-locate@https://registry.npmjs.org/p-locate/-/p-locate-5.0.0.tgz 0ms (cache hit)
687 http cache find-up@https://registry.npmjs.org/find-up/-/find-up-5.0.0.tgz 0ms (cache hit)
688 http cache ora@https://registry.npmjs.org/ora/-/ora-5.4.1.tgz 0ms (cache hit)
689 http cache cli-cursor@https://registry.npmjs.org/cli-cursor/-/cli-cursor-3.1.0.tgz 0ms (cache hit)
690 http cache semver@https://registry.npmjs.org/semver/-/semver-7.7.3.tgz 0ms (cache hit)
691 silly tarball no local data for string_decoder@https://registry.npmjs.org/string_decoder/-/string_decoder-1.3.0.tgz. Extracting by manifest.
692 http cache commander@https://registry.npmjs.org/commander/-/commander-9.5.0.tgz 0ms (cache hit)
693 silly tarball no local data for media-typer@https://registry.npmjs.org/media-typer/-/media-typer-0.3.0.tgz. Extracting by manifest.
694 silly tarball no local data for parent-module@https://registry.npmjs.org/parent-module/-/parent-module-1.0.1.tgz. Extracting by manifest.
695 silly tarball no local data for type-is@https://registry.npmjs.org/type-is/-/type-is-1.6.18.tgz. Extracting by manifest.
696 silly tarball no local data for env-paths@https://registry.npmjs.org/env-paths/-/env-paths-2.2.1.tgz. Extracting by manifest.
697 silly tarball no local data for raw-body@https://registry.npmjs.org/raw-body/-/raw-body-2.5.3.tgz. Extracting by manifest.
698 silly tarball no local data for qs@https://registry.npmjs.org/qs/-/qs-6.14.1.tgz. Extracting by manifest.
699 silly tarball no local data for import-fresh@https://registry.npmjs.org/import-fresh/-/import-fresh-3.3.1.tgz. Extracting by manifest.
700 silly tarball no local data for content-type@https://registry.npmjs.org/content-type/-/content-type-1.0.5.tgz. Extracting by manifest.
701 silly tarball no local data for launch-editor@https://registry.npmjs.org/launch-editor/-/launch-editor-2.12.0.tgz. Extracting by manifest.
702 silly tarball no local data for body-parser@https://registry.npmjs.org/body-parser/-/body-parser-1.20.4.tgz. Extracting by manifest.
703 silly tarball no local data for @vscode/sudo-prompt@https://registry.npmjs.org/@vscode/sudo-prompt/-/sudo-prompt-9.3.2.tgz. Extracting by manifest.
704 silly tarball no local data for @react-native-community/cli-config-apple@https://registry.npmjs.org/@react-native-community/cli-config-apple/-/cli-config-apple-20.1.0.tgz. Extracting by manifest.
705 silly tarball no local data for @react-native-community/cli-config-android@https://registry.npmjs.org/@react-native-community/cli-config-android/-/cli-config-android-20.1.0.tgz. Extracting by manifest.
706 silly tarball no local data for @react-native-community/cli-platform-ios@https://registry.npmjs.org/@react-native-community/cli-platform-ios/-/cli-platform-ios-20.1.0.tgz. Extracting by manifest.
707 silly tarball no local data for @react-native-community/cli-platform-apple@https://registry.npmjs.org/@react-native-community/cli-platform-apple/-/cli-platform-apple-20.1.0.tgz. Extracting by manifest.
708 silly tarball no local data for @react-native-community/cli-platform-android@https://registry.npmjs.org/@react-native-community/cli-platform-android/-/cli-platform-android-20.1.0.tgz. Extracting by manifest.
709 silly tarball no local data for cosmiconfig@https://registry.npmjs.org/cosmiconfig/-/cosmiconfig-9.0.0.tgz. Extracting by manifest.
710 silly tarball no local data for @react-native-community/cli-types@https://registry.npmjs.org/@react-native-community/cli-types/-/cli-types-20.1.0.tgz. Extracting by manifest.
711 silly tarball no local data for @react-native-community/cli-doctor@https://registry.npmjs.org/@react-native-community/cli-doctor/-/cli-doctor-20.1.0.tgz. Extracting by manifest.
712 silly tarball no local data for @react-native-community/cli-config@https://registry.npmjs.org/@react-native-community/cli-config/-/cli-config-20.1.0.tgz. Extracting by manifest.
713 silly tarball no local data for @react-native-community/cli-tools@https://registry.npmjs.org/@react-native-community/cli-tools/-/cli-tools-20.1.0.tgz. Extracting by manifest.
714 silly tarball no local data for @react-native-community/cli-server-api@https://registry.npmjs.org/@react-native-community/cli-server-api/-/cli-server-api-20.1.0.tgz. Extracting by manifest.
715 silly tarball no local data for @react-native-community/cli-clean@https://registry.npmjs.org/@react-native-community/cli-clean/-/cli-clean-20.1.0.tgz. Extracting by manifest.
716 silly tarball no local data for @react-native-community/cli@https://registry.npmjs.org/@react-native-community/cli/-/cli-20.1.0.tgz. Extracting by manifest.
717 silly tarball no local data for iconv-lite@https://registry.npmjs.org/iconv-lite/-/iconv-lite-0.4.24.tgz. Extracting by manifest.
718 silly tarball no local data for resolve-from@https://registry.npmjs.org/resolve-from/-/resolve-from-4.0.0.tgz. Extracting by manifest.
719 silly tarball no local data for iconv-lite@https://registry.npmjs.org/iconv-lite/-/iconv-lite-0.4.24.tgz. Extracting by manifest.
720 http fetch GET 200 https://registry.npmjs.org/parent-module/-/parent-module-1.0.1.tgz 97ms (cache miss)
721 http fetch GET 200 https://registry.npmjs.org/media-typer/-/media-typer-0.3.0.tgz 99ms (cache miss)
722 http fetch GET 200 https://registry.npmjs.org/string_decoder/-/string_decoder-1.3.0.tgz 100ms (cache miss)
723 http fetch GET 200 https://registry.npmjs.org/type-is/-/type-is-1.6.18.tgz 99ms (cache miss)
724 http fetch GET 200 https://registry.npmjs.org/env-paths/-/env-paths-2.2.1.tgz 128ms (cache miss)
725 http fetch GET 200 https://registry.npmjs.org/launch-editor/-/launch-editor-2.12.0.tgz 135ms (cache miss)
726 http fetch GET 200 https://registry.npmjs.org/raw-body/-/raw-body-2.5.3.tgz 216ms (cache miss)
727 http fetch GET 200 https://registry.npmjs.org/cosmiconfig/-/cosmiconfig-9.0.0.tgz 218ms (cache miss)
728 http fetch GET 200 https://registry.npmjs.org/@vscode/sudo-prompt/-/sudo-prompt-9.3.2.tgz 550ms (cache miss)
729 http fetch GET 200 https://registry.npmjs.org/import-fresh/-/import-fresh-3.3.1.tgz 568ms (cache miss)
730 http fetch GET 200 https://registry.npmjs.org/content-type/-/content-type-1.0.5.tgz 568ms (cache miss)
731 http fetch GET 200 https://registry.npmjs.org/qs/-/qs-6.14.1.tgz 585ms (cache miss)
732 http fetch GET 200 https://registry.npmjs.org/body-parser/-/body-parser-1.20.4.tgz 585ms (cache miss)
733 http fetch GET 200 https://registry.npmjs.org/@react-native-community/cli-tools/-/cli-tools-20.1.0.tgz 778ms (cache miss)
734 http fetch GET 200 https://registry.npmjs.org/resolve-from/-/resolve-from-4.0.0.tgz 779ms (cache miss)
735 http fetch GET 200 https://registry.npmjs.org/@react-native-community/cli-server-api/-/cli-server-api-20.1.0.tgz 785ms (cache miss)
736 http fetch GET 200 https://registry.npmjs.org/@react-native-community/cli-platform-android/-/cli-platform-android-20.1.0.tgz 791ms (cache miss)
737 http fetch GET 200 https://registry.npmjs.org/@react-native-community/cli-doctor/-/cli-doctor-20.1.0.tgz 797ms (cache miss)
738 http fetch GET 200 https://registry.npmjs.org/iconv-lite/-/iconv-lite-0.4.24.tgz 806ms (cache miss)
739 http fetch GET 200 https://registry.npmjs.org/@react-native-community/cli-config-android/-/cli-config-android-20.1.0.tgz 959ms (cache miss)
740 http fetch GET 200 https://registry.npmjs.org/@react-native-community/cli-config-apple/-/cli-config-apple-20.1.0.tgz 959ms (cache miss)
741 http fetch GET 200 https://registry.npmjs.org/iconv-lite/-/iconv-lite-0.4.24.tgz 1065ms (cache miss)
742 http fetch GET 200 https://registry.npmjs.org/@react-native-community/cli-platform-ios/-/cli-platform-ios-20.1.0.tgz 1083ms (cache miss)
743 http fetch GET 200 https://registry.npmjs.org/@react-native-community/cli-types/-/cli-types-20.1.0.tgz 1092ms (cache miss)
744 http fetch GET 200 https://registry.npmjs.org/@react-native-community/cli-clean/-/cli-clean-20.1.0.tgz 1246ms (cache miss)
745 http fetch GET 200 https://registry.npmjs.org/@react-native-community/cli-config/-/cli-config-20.1.0.tgz 1267ms (cache miss)
746 http fetch GET 200 https://registry.npmjs.org/@react-native-community/cli/-/cli-20.1.0.tgz 1556ms (cache miss)
747 http fetch GET 200 https://registry.npmjs.org/@react-native-community/cli-platform-apple/-/cli-platform-apple-20.1.0.tgz 2308ms (cache miss)
748 silly ADD node_modules/which-module
749 silly ADD node_modules/set-blocking
750 silly ADD node_modules/require-main-filename
751 silly ADD node_modules/decamelize
752 silly ADD node_modules/util-deprecate
753 silly ADD node_modules/string_decoder
754 silly ADD node_modules/readable-stream
755 silly ADD node_modules/is-unicode-supported
756 silly ADD node_modules/is-interactive
757 silly ADD node_modules/bl
758 silly ADD node_modules/media-typer
759 silly ADD node_modules/astral-regex
760 silly ADD node_modules/side-channel-weakmap
761 silly ADD node_modules/side-channel-map
762 silly ADD node_modules/side-channel-list
763 silly ADD node_modules/object-inspect
764 silly ADD node_modules/queue-microtask
765 silly ADD node_modules/side-channel
766 silly ADD node_modules/slice-ansi
767 silly ADD node_modules/slice-ansi/node_modules/color-name
768 silly ADD node_modules/slice-ansi/node_modules/color-convert
769 silly ADD node_modules/slice-ansi/node_modules/is-fullwidth-code-point
770 silly ADD node_modules/slice-ansi/node_modules/ansi-styles
771 silly ADD node_modules/colorette
772 silly ADD node_modules/dayjs
773 silly ADD node_modules/ansi-fragments
774 silly ADD node_modules/ansi-fragments/node_modules/ansi-regex
775 silly ADD node_modules/ansi-fragments/node_modules/strip-ansi
776 silly ADD node_modules/@sideway/pinpoint
777 silly ADD node_modules/@sideway/formula
778 silly ADD node_modules/@sideway/address
779 silly ADD node_modules/@hapi/topo
780 silly ADD node_modules/@hapi/hoek
781 silly ADD node_modules/is-extglob
782 silly ADD node_modules/parent-module
783 silly ADD node_modules/is-glob
784 silly ADD node_modules/jsonfile
785 silly ADD node_modules/reusify
786 silly ADD node_modules/strnum
787 silly ADD node_modules/run-parallel
788 silly ADD node_modules/fastq
789 silly ADD node_modules/@nodelib/fs.scandir
790 silly ADD node_modules/merge2
791 silly ADD node_modules/glob-parent
792 silly ADD node_modules/@nodelib/fs.walk
793 silly ADD node_modules/@nodelib/fs.stat
794 silly ADD node_modules/import-fresh
795 silly ADD node_modules/import-fresh/node_modules/resolve-from
796 silly ADD node_modules/env-paths
797 silly ADD node_modules/type-is
798 silly ADD node_modules/raw-body
799 silly ADD node_modules/raw-body/node_modules/iconv-lite
800 silly ADD node_modules/qs
801 silly ADD node_modules/content-type
802 silly ADD node_modules/launch-editor
803 silly ADD node_modules/appdirsjs
804 silly ADD node_modules/@vscode/sudo-prompt
805 silly ADD node_modules/nocache
806 silly ADD node_modules/errorhandler
807 silly ADD node_modules/body-parser
808 silly ADD node_modules/body-parser/node_modules/ms
809 silly ADD node_modules/body-parser/node_modules/on-finished
810 silly ADD node_modules/body-parser/node_modules/iconv-lite
811 silly ADD node_modules/body-parser/node_modules/debug
812 silly ADD node_modules/@react-native-community/cli-config-apple
813 silly ADD node_modules/fast-xml-parser
814 silly ADD node_modules/logkitty
815 silly ADD node_modules/logkitty/node_modules/wrap-ansi
816 silly ADD node_modules/logkitty/node_modules/yargs-parser
817 silly ADD node_modules/logkitty/node_modules/y18n
818 silly ADD node_modules/logkitty/node_modules/cliui
819 silly ADD node_modules/logkitty/node_modules/yargs
820 silly ADD node_modules/@react-native-community/cli-config-android
821 silly ADD node_modules/node-stream-zip
822 silly ADD node_modules/envinfo
823 silly ADD node_modules/command-exists
824 silly ADD node_modules/@react-native-community/cli-platform-ios
825 silly ADD node_modules/@react-native-community/cli-platform-apple
826 silly ADD node_modules/@react-native-community/cli-platform-android
827 silly ADD node_modules/joi
828 silly ADD node_modules/cosmiconfig
829 silly ADD node_modules/cosmiconfig/node_modules/argparse
830 silly ADD node_modules/cosmiconfig/node_modules/js-yaml
831 silly ADD node_modules/fast-glob
832 silly ADD node_modules/fs-extra
833 silly ADD node_modules/fs-extra/node_modules/universalify
834 silly ADD node_modules/@react-native-community/cli-types
835 silly ADD node_modules/@react-native-community/cli-tools
836 silly ADD node_modules/@react-native-community/cli-tools/node_modules/restore-cursor
837 silly ADD node_modules/@react-native-community/cli-tools/node_modules/log-symbols
838 silly ADD node_modules/@react-native-community/cli-tools/node_modules/cli-cursor
839 silly ADD node_modules/@react-native-community/cli-tools/node_modules/p-locate
840 silly ADD node_modules/@react-native-community/cli-tools/node_modules/locate-path
841 silly ADD node_modules/@react-native-community/cli-tools/node_modules/semver
842 silly ADD node_modules/@react-native-community/cli-tools/node_modules/ora
843 silly ADD node_modules/@react-native-community/cli-tools/node_modules/mime
844 silly ADD node_modules/@react-native-community/cli-tools/node_modules/find-up
845 silly ADD node_modules/@react-native-community/cli-server-api
846 silly ADD node_modules/@react-native-community/cli-server-api/node_modules/is-wsl
847 silly ADD node_modules/@react-native-community/cli-server-api/node_modules/ws
848 silly ADD node_modules/@react-native-community/cli-server-api/node_modules/open
849 silly ADD node_modules/@react-native-community/cli-doctor
850 silly ADD node_modules/@react-native-community/cli-doctor/node_modules/restore-cursor
851 silly ADD node_modules/@react-native-community/cli-doctor/node_modules/log-symbols
852 silly ADD node_modules/@react-native-community/cli-doctor/node_modules/cli-cursor
853 silly ADD node_modules/@react-native-community/cli-doctor/node_modules/semver
854 silly ADD node_modules/@react-native-community/cli-doctor/node_modules/ora
855 silly ADD node_modules/@react-native-community/cli-config
856 silly ADD node_modules/@react-native-community/cli-clean
857 silly ADD node_modules/@react-native-community/cli
858 silly ADD node_modules/@react-native-community/cli/node_modules/p-locate
859 silly ADD node_modules/@react-native-community/cli/node_modules/locate-path
860 silly ADD node_modules/@react-native-community/cli/node_modules/semver
861 silly ADD node_modules/@react-native-community/cli/node_modules/find-up
862 silly ADD node_modules/@react-native-community/cli/node_modules/commander
863 verbose cwd /Users/thiagocortat/trae/myglory
864 verbose os Darwin 25.1.0
865 verbose node v22.13.1
866 verbose npm  v11.6.0
867 verbose exit 0
868 info ok
