0 verbose cli /usr/local/bin/node /usr/local/lib/node_modules/npm/bin/npm-cli.js
1 info using npm@11.6.0
2 info using node@v22.13.1
3 silly config load:file:/usr/local/lib/node_modules/npm/npmrc
4 silly config load:file:/Users/thiagocortat/trae/myglory/.npmrc
5 silly config load:file:/Users/thiagocortat/trae/myglory/.home/.npmrc
6 silly config load:file:/usr/local/etc/npmrc
7 verbose title npm exec expo-doctor
8 verbose argv "exec" "--" "expo-doctor"
9 verbose logfile logs-max:10 dir:/Users/thiagocortat/trae/myglory/.home/.npm/_logs/2026-01-09T14_24_39_395Z-
10 verbose logfile /Users/thiagocortat/trae/myglory/.home/.npm/_logs/2026-01-09T14_24_39_395Z-debug-0.log
11 silly logfile start cleaning logs, removing 1 files
12 silly logfile done cleaning log files
13 silly packumentCache heap:4345298944 maxSize:1086324736 maxEntrySize:543162368
14 http fetch GET 200 https://registry.npmjs.org/expo-doctor 565ms (cache revalidated)
15 silly packumentCache heap:4345298944 maxSize:1086324736 maxEntrySize:543162368
16 silly packumentCache heap:4345298944 maxSize:1086324736 maxEntrySize:543162368
17 verbose cwd /Users/thiagocortat/trae/myglory
18 verbose os Darwin 25.1.0
19 verbose node v22.13.1
20 verbose npm  v11.6.0
21 verbose exit 0
22 info ok
